0 info it worked if it ends with ok
1 verbose cli [ 'node',
1 verbose cli   '/Users/Behrens/.node/bin/npm',
1 verbose cli   'install',
1 verbose cli   '–save',
1 verbose cli   'body-parser' ]
2 info using npm@2.14.2
3 info using node@v0.12.7
4 verbose install initial load of /Users/Behrens/band-name-generator/package.json
5 warn package.json simple-site@0.0.0 No license field.
6 verbose installManyTop reading scoped package data from /Users/Behrens/band-name-generator/node_modules/body-parser/package.json
7 verbose installManyTop reading scoped package data from /Users/Behrens/band-name-generator/node_modules/express/package.json
8 verbose installManyTop reading scoped package data from /Users/Behrens/band-name-generator/node_modules/grunt/package.json
9 verbose installManyTop reading scoped package data from /Users/Behrens/band-name-generator/node_modules/grunt-contrib-jshint/package.json
10 verbose installManyTop reading scoped package data from /Users/Behrens/band-name-generator/node_modules/grunt-jscs/package.json
11 verbose installManyTop reading scoped package data from /Users/Behrens/band-name-generator/node_modules/nodemon/package.json
12 info package.json grunt@0.4.5 No license field.
13 verbose readDependencies loading dependencies from /Users/Behrens/band-name-generator/package.json
14 silly cache add args [ '–save', null ]
15 verbose cache add spec –save
16 verbose install body-parser is installed as 1.14.1
17 silly cache add args [ 'body-parser', null ]
18 verbose cache add spec body-parser
19 silly cache add parsed spec { raw: '–save',
19 silly cache add   scope: null,
19 silly cache add   name: null,
19 silly cache add   rawSpec: '–save',
19 silly cache add   spec: '/Users/Behrens/band-name-generator/–save',
19 silly cache add   type: 'local' }
20 silly cache add parsed spec { raw: 'body-parser',
20 silly cache add   scope: null,
20 silly cache add   name: 'body-parser',
20 silly cache add   rawSpec: '',
20 silly cache add   spec: '*',
20 silly cache add   type: 'range' }
21 silly addNamed body-parser@*
22 verbose addNamed "*" is a valid semver range for body-parser
23 silly addNameRange { name: 'body-parser', range: '*', hasData: false }
24 silly mapToRegistry name body-parser
25 silly mapToRegistry using default registry
26 silly mapToRegistry registry https://registry.npmjs.org/
27 silly mapToRegistry uri https://registry.npmjs.org/body-parser
28 verbose addNameRange registry:https://registry.npmjs.org/body-parser not in flight; fetching
29 error addLocal Could not install /Users/Behrens/band-name-generator/–save
30 verbose request uri https://registry.npmjs.org/body-parser
31 verbose request no auth needed
32 info attempt registry request try #1 at 11:26:22 PM
33 verbose request id d36728dbcb727d55
34 verbose etag "5QDJLZTRC4UZ7GMBIH5EO62CI"
35 http request GET https://registry.npmjs.org/body-parser
36 http 400 https://registry.npmjs.org/body-parser
37 verbose headers {}
38 silly get cb [ 304, undefined ]
39 verbose etag https://registry.npmjs.org/body-parser from cache
40 verbose get saving body-parser to /Users/Behrens/.npm/registry.npmjs.org/body-parser/.cache.json
41 silly addNameRange number 2 { name: 'body-parser', range: '*', hasData: true }
42 silly addNameRange versions [ 'body-parser',
42 silly addNameRange   [ '1.0.0',
42 silly addNameRange     '1.0.1',
42 silly addNameRange     '1.0.2',
42 silly addNameRange     '1.1.0',
42 silly addNameRange     '1.1.1',
42 silly addNameRange     '1.1.2',
42 silly addNameRange     '1.2.0',
42 silly addNameRange     '1.2.1',
42 silly addNameRange     '1.2.2',
42 silly addNameRange     '1.3.0',
42 silly addNameRange     '1.3.1',
42 silly addNameRange     '1.4.0',
42 silly addNameRange     '1.4.1',
42 silly addNameRange     '1.4.2',
42 silly addNameRange     '1.4.3',
42 silly addNameRange     '1.5.0',
42 silly addNameRange     '1.5.1',
42 silly addNameRange     '1.5.2',
42 silly addNameRange     '1.6.0',
42 silly addNameRange     '1.6.1',
42 silly addNameRange     '1.6.2',
42 silly addNameRange     '1.6.3',
42 silly addNameRange     '1.6.4',
42 silly addNameRange     '1.6.5',
42 silly addNameRange     '1.6.6',
42 silly addNameRange     '1.6.7',
42 silly addNameRange     '1.7.0',
42 silly addNameRange     '1.8.0',
42 silly addNameRange     '1.8.1',
42 silly addNameRange     '1.8.2',
42 silly addNameRange     '1.8.3',
42 silly addNameRange     '1.8.4',
42 silly addNameRange     '1.9.0',
42 silly addNameRange     '1.9.1',
42 silly addNameRange     '1.9.2',
42 silly addNameRange     '1.9.3',
42 silly addNameRange     '1.10.0',
42 silly addNameRange     '1.10.1',
42 silly addNameRange     '1.10.2',
42 silly addNameRange     '1.11.0',
42 silly addNameRange     '1.12.0',
42 silly addNameRange     '1.12.1',
42 silly addNameRange     '1.12.2',
42 silly addNameRange     '1.12.3',
42 silly addNameRange     '1.12.4',
42 silly addNameRange     '1.13.0',
42 silly addNameRange     '1.13.1',
42 silly addNameRange     '1.13.2',
42 silly addNameRange     '1.13.3',
42 silly addNameRange     '1.14.0',
42 silly addNameRange     '1.14.1' ] ]
43 silly addNamed body-parser@1.14.1
44 verbose addNamed "1.14.1" is a plain semver version for body-parser
45 silly cache afterAdd body-parser@1.14.1
46 verbose afterAdd /Users/Behrens/.npm/body-parser/1.14.1/package/package.json not in flight; writing
47 verbose afterAdd /Users/Behrens/.npm/body-parser/1.14.1/package/package.json written
48 verbose stack Error: ENOENT, open '/Users/Behrens/band-name-generator/–save'
48 verbose stack     at Error (native)
49 verbose cwd /Users/Behrens/band-name-generator
50 error Darwin 14.4.0
51 error argv "node" "/Users/Behrens/.node/bin/npm" "install" "–save" "body-parser"
52 error node v0.12.7
53 error npm  v2.14.2
54 error path /Users/Behrens/band-name-generator/–save
55 error code ENOENT
56 error errno -2
57 error enoent ENOENT, open '/Users/Behrens/band-name-generator/–save'
57 error enoent This is most likely not a problem with npm itself
57 error enoent and is related to npm not being able to find a file.
58 verbose exit [ -2, true ]
